<?xml version="1.0" encoding="UTF-8"?>
<!-- Generated by org.testng.reporters.JUnitReportReporter -->
<testsuite hostname="DESKTOP-1K6IBAN" failures="0" tests="1" name="org.broadcom.tests.CollectUsageDetailsTest" time="128.464" errors="0" timestamp="2023-07-17T14:21:21 IST" skipped="0">
  <testcase classname="org.broadcom.tests.CollectUsageDetailsTest" name="testcase10" time="128.464"/>
  <system-out/>
</testsuite> <!-- org.broadcom.tests.CollectUsageDetailsTest -->
