<?xml version="1.0" encoding="UTF-8"?>
<!-- Generated by org.testng.reporters.JUnitReportReporter -->
<testsuite hostname="DESKTOP-1K6IBAN" failures="0" tests="3" name="org.broadcom.tests.LoginPageTest" time="36.051" errors="0" timestamp="2023-07-17T14:28:31 IST" skipped="0">
  <testcase classname="org.broadcom.tests.LoginPageTest" name="testcase14" time="5.669"/>
  <system-out/>
  <testcase classname="org.broadcom.tests.LoginPageTest" name="testcase15" time="8.531"/>
  <system-out/>
  <testcase classname="org.broadcom.tests.LoginPageTest" name="testcase16" time="21.851"/>
  <system-out/>
</testsuite> <!-- org.broadcom.tests.LoginPageTest -->
