<?xml version="1.0" encoding="UTF-8"?>
<!-- Generated by org.testng.reporters.JUnitReportReporter -->
<testsuite hostname="DESKTOP-1K6IBAN" failures="0" tests="6" name="org.broadcom.tests.APIKEY_Auth_AddProductTest" time="98.669" errors="0" timestamp="2023-07-13T14:20:21 IST" skipped="3">
  <testcase classname="org.broadcom.tests.APIKEY_Auth_AddProductTest" name="testcase04" time="32.736"/>
  <system-out/>
  <testcase classname="org.broadcom.tests.APIKEY_Auth_AddProductTest" name="testcase04" time="34.495"/>
  <system-out/>
  <testcase classname="org.broadcom.tests.APIKEY_Auth_AddProductTest" name="testcase04" time="31.438"/>
  <system-out/>
  <testcase classname="org.broadcom.tests.APIKEY_Auth_AddProductTest" name="testcase03">
    <skipped/>
  </testcase> <!-- testcase03 -->
  <system-out/>
  <testcase classname="org.broadcom.tests.APIKEY_Auth_AddProductTest" name="testcase02">
    <skipped/>
  </testcase> <!-- testcase02 -->
  <system-out/>
  <testcase classname="org.broadcom.tests.APIKEY_Auth_AddProductTest" name="testcase01">
    <skipped/>
  </testcase> <!-- testcase01 -->
  <system-out/>
</testsuite> <!-- org.broadcom.tests.APIKEY_Auth_AddProductTest -->
