<?xml version="1.0" encoding="UTF-8"?>
<!-- Generated by org.testng.reporters.JUnitReportReporter -->
<testsuite hostname="DESKTOP-1K6IBAN" failures="0" tests="3" name="org.broadcom.tests.Add_Same_Instance_ProductTest" time="354.878" errors="0" timestamp="2023-07-17T14:21:21 IST" skipped="0">
  <testcase classname="org.broadcom.tests.Add_Same_Instance_ProductTest" name="testcase04" time="116.845"/>
  <system-out/>
  <testcase classname="org.broadcom.tests.Add_Same_Instance_ProductTest" name="testcase05" time="121.264"/>
  <system-out/>
  <testcase classname="org.broadcom.tests.Add_Same_Instance_ProductTest" name="testcase06" time="116.769"/>
  <system-out/>
</testsuite> <!-- org.broadcom.tests.Add_Same_Instance_ProductTest -->
