<?xml version="1.0" encoding="UTF-8"?>
<!-- Generated by org.testng.reporters.JUnitReportReporter -->
<testsuite hostname="DESKTOP-1K6IBAN" failures="0" tests="4" name="org.broadcom.tests.Delete_Add_Instance" time="274.831" errors="0" timestamp="2023-07-17T14:21:21 IST" skipped="0">
  <testcase classname="org.broadcom.tests.Delete_Add_Instance" name="testcase08" time="52.751"/>
  <system-out/>
  <testcase classname="org.broadcom.tests.Delete_Add_Instance" name="testcase08" time="52.871"/>
  <system-out/>
  <testcase classname="org.broadcom.tests.Delete_Add_Instance" name="testcase08" time="92.543"/>
  <system-out/>
  <testcase classname="org.broadcom.tests.Delete_Add_Instance" name="testcase09" time="76.666"/>
  <system-out/>
</testsuite> <!-- org.broadcom.tests.Delete_Add_Instance -->
