<?xml version="1.0" encoding="UTF-8"?>
<!-- Generated by org.testng.reporters.JUnitReportReporter -->
<testsuite hostname="DESKTOP-1K6IBAN" failures="0" tests="3" name="org.broadcom.tests.Edit_Add_Instance" time="325.954" errors="0" timestamp="2023-07-17T14:21:21 IST" skipped="0">
  <testcase classname="org.broadcom.tests.Edit_Add_Instance" name="testcase07" time="109.951"/>
  <system-out/>
  <testcase classname="org.broadcom.tests.Edit_Add_Instance" name="testcase07" time="109.011"/>
  <system-out/>
  <testcase classname="org.broadcom.tests.Edit_Add_Instance" name="testcase07" time="106.992"/>
  <system-out/>
</testsuite> <!-- org.broadcom.tests.Edit_Add_Instance -->
