<?xml version="1.0" encoding="UTF-8"?>
<!-- Generated by org.testng.reporters.JUnitReportReporter -->
<testsuite hostname="DESKTOP-1K6IBAN" failures="0" tests="4" name="org.broadcom.tests.Import_Export_FileTest" time="175.442" errors="0" timestamp="2023-07-17T14:28:31 IST" skipped="1">
  <testcase classname="org.broadcom.tests.Import_Export_FileTest" name="testcase12" time="39.744"/>
  <system-out/>
  <testcase classname="org.broadcom.tests.Import_Export_FileTest" name="testcase13" time="67.887"/>
  <system-out/>
  <testcase classname="org.broadcom.tests.Import_Export_FileTest" name="testcase13" time="67.811"/>
  <system-out/>
  <testcase classname="org.broadcom.tests.Import_Export_FileTest" name="testcase11">
    <skipped/>
  </testcase> <!-- testcase11 -->
  <system-out/>
</testsuite> <!-- org.broadcom.tests.Import_Export_FileTest -->
